                                 Started job on |	Mar 14 16:24:22
                             Started mapping on |	Mar 14 16:24:45
                                    Finished on |	Mar 14 16:25:13
       Mapping speed, Million of reads per hour |	128.57

                          Number of input reads |	999999
                      Average input read length |	99
                                    UNIQUE READS:
                   Uniquely mapped reads number |	804802
                        Uniquely mapped reads % |	80.48%
                          Average mapped length |	99.46
                       Number of splices: Total |	457213
            Number of splices: Annotated (sjdb) |	455135
                       Number of splices: GT/AG |	453288
                       Number of splices: GC/AG |	3315
                       Number of splices: AT/AC |	437
               Number of splices: Non-canonical |	173
                      Mismatch rate per base, % |	0.16%
                         Deletion rate per base |	0.00%
                        Deletion average length |	1.49
                        Insertion rate per base |	0.00%
                       Insertion average length |	1.35
                             MULTI-MAPPING READS:
        Number of reads mapped to multiple loci |	186771
             % of reads mapped to multiple loci |	18.68%
        Number of reads mapped to too many loci |	485
             % of reads mapped to too many loci |	0.05%
                                  UNMAPPED READS:
       % of reads unmapped: too many mismatches |	0.05%
                 % of reads unmapped: too short |	0.67%
                     % of reads unmapped: other |	0.07%
                                  CHIMERIC READS:
                       Number of chimeric reads |	0
                            % of chimeric reads |	0.00%
